2015-06-01 21:00:46 | 101.80.62.224 | 15921824593 | 您的订单：2015060134161，收货人：测试 电话：13022311212，已经成功提交。感谢您的购买！
发送状态：提交成功
 收货人手机号：15921824593
2015-06-01 21:14:12 | 101.80.62.224 | 15921824593 | 订单号：2015060185946 已于06月1日21时发货，如有问题请及时联系！
发送状态：提交成功
 收货人手机号：15921824593
2015-06-01 21:15:16 | 101.80.62.224 | 15921824593 | 订单号：2015060185946 已于06月1日21时发货，如有问题请及时联系！
发送状态：提交成功
1 收货人手机号：15921824593
2015-06-01 21:17:09 | 101.80.62.224 | 15921824593 | 订单号：2015060185946 已于06月1日21时发货，如有问题请及时联系！
发送状态：提交成功
0 收货人手机号：13916357002
0 收货人手机号：13022165706
0 收货人手机号：13901936154
0 收货人手机号：15921500286
0 收货人手机号：13601906555
0 收货人手机号：13916811067
2015-06-02 14:32:44 | 116.231.196.2 | 13611914728 | 您的订单：2015060243029，收货人：张燕萍 电话：13611914728，已经成功提交。感谢您的购买！
发送状态：提交成功
0 收货人手机号：13611914728
1 收货人手机号：13611914728
2015-06-02 14:37:25 | 222.72.199.177 | 13611914728 | 订单号：2015060243029 已于06月2日14时发货，如有问题请及时联系！
发送状态：提交成功
2015-06-02 15:29:52 | 116.231.196.2 | 13701918495 | 您的订单：2015060209423，收货人：佘红 电话：13701918495，已经成功提交。感谢您的购买！
发送状态：提交成功
1 收货人手机号：13916811067
2015-06-02 16:14:06 | 222.72.199.177 | 13916811067 | 订单号：2015060275644 已于06月2日16时发货，如有问题请及时联系！
发送状态：提交成功
1 收货人手机号：13601906555
2015-06-02 16:14:21 | 222.72.199.177 | 13601906555 | 订单号：2015060260624 已于06月2日16时发货，如有问题请及时联系！
发送状态：提交成功
1 收货人手机号：15921500286
2015-06-02 16:14:33 | 222.72.199.177 | 15921500286 | 订单号：2015060236312 已于06月2日16时发货，如有问题请及时联系！
发送状态：提交成功
1 收货人手机号：13901936154
2015-06-02 16:14:46 | 222.72.199.177 | 13901936154 | 订单号：2015060283932 已于06月2日16时发货，如有问题请及时联系！
发送状态：提交成功
1 收货人手机号：13022165706
2015-06-02 16:14:59 | 222.72.199.177 | 13022165706 | 订单号：2015060252641 已于06月2日16时发货，如有问题请及时联系！
发送状态：提交成功
1 收货人手机号：13916357002
2015-06-02 16:15:15 | 222.72.199.177 | 13916357002 | 订单号：2015060272466 已于06月2日16时发货，如有问题请及时联系！
发送状态：提交成功
2015-06-03 11:35:06 | 61.171.89.241 | 13636332802 | 您的订单：2015060309700，收货人：顾军 电话：13636332802，已经成功提交。感谢您的购买！
发送状态：提交成功
0 收货人手机号：18964996005
0 收货人手机号：18964996005
0 收货人手机号：18964996005
0 收货人手机号：18964996005
0 收货人手机号：18964996005
0 收货人手机号：13641919517
0 收货人手机号：13918899878
0 收货人手机号：13701918495
1 收货人手机号：13916896978
2015-06-03 16:26:31 | 101.91.200.54 | 13916896978 | 订单号：2015060351730 已于06月3日16时发货，如有问题请及时联系！
发送状态：提交成功
1 收货人手机号：13701918495
2015-06-03 17:05:52 | 222.72.199.177 | 13701918495 | 订单号：2015060209423 已于06月3日17时发货，如有问题请及时联系！
发送状态：提交成功
1 收货人手机号：13918899878
2015-06-03 17:06:05 | 222.72.199.177 | 13918899878 | 订单号：2015060330031 已于06月3日17时发货，如有问题请及时联系！
发送状态：提交成功
1 收货人手机号：13641919517
2015-06-03 17:06:17 | 222.72.199.177 | 13641919517 | 订单号：2015060302235 已于06月3日17时发货，如有问题请及时联系！
发送状态：提交成功
1 收货人手机号：18964996005
2015-06-03 17:06:28 | 222.72.199.177 | 18964996005 | 订单号：2015060395435 已于06月3日17时发货，如有问题请及时联系！
发送状态：提交成功
1 收货人手机号：18964996005
2015-06-03 17:06:41 | 222.72.199.177 | 18964996005 | 订单号：2015060334813 已于06月3日17时发货，如有问题请及时联系！
发送状态：提交成功
1 收货人手机号：18964996005
2015-06-03 17:06:55 | 222.72.199.177 | 18964996005 | 订单号：2015060326484 已于06月3日17时发货，如有问题请及时联系！
发送状态：提交成功
1 收货人手机号：18964996005
2015-06-03 17:07:09 | 222.72.199.177 | 18964996005 | 订单号：2015060372614 已于06月3日17时发货，如有问题请及时联系！
发送状态：提交成功
1 收货人手机号：18964996005
2015-06-03 17:07:21 | 222.72.199.177 | 18964996005 | 订单号：2015060332878 已于06月3日17时发货，如有问题请及时联系！
发送状态：提交成功
2015-06-04 08:54:19 | 112.65.133.50 | 13901696540 | 您的订单：2015060474231，收货人：徐疆青 电话：13901696540，已经成功提交。感谢您的购买！
发送状态：提交成功
0 收货人手机号：13601873305
0 收货人手机号：13818732948
0 收货人手机号：64270718
0 收货人手机号：15900867281
0 收货人手机号：18964996005
0 收货人手机号：18964996005
0 收货人手机号：18964996005
0 收货人手机号：18964996005
0 收货人手机号：18964996005
0 收货人手机号：13901696540
0 收货人手机号：13621692345
0 收货人手机号：13916896978
0 收货人手机号：13636332802
0 收货人手机号：13916955508
0 收货人手机号：13916955508
0 收货人手机号：13636332802
0 收货人手机号：13916896978
0 收货人手机号：13621692345
0 收货人手机号：13901696540
0 收货人手机号：18964996005
0 收货人手机号：18964996005
0 收货人手机号：18964996005
0 收货人手机号：18964996005
0 收货人手机号：18964996005
0 收货人手机号：15900867281
0 收货人手机号：64270718
0 收货人手机号：13818732948
0 收货人手机号：13601873305
0 收货人手机号：13818732948
0 收货人手机号：13818732948
0 收货人手机号：18616627372
0 收货人手机号：18916781281
0 收货人手机号：13621679978
0 收货人手机号：13022165706
0 收货人手机号：13901692715
0 收货人手机号：13916357002
0 收货人手机号：13701918495
0 收货人手机号：18616627372
0 收货人手机号：65212998
0 收货人手机号：15601616655
0 收货人手机号：13611914728
0 收货人手机号：18916781281
0 收货人手机号：18964996005
0 收货人手机号：18964996005
0 收货人手机号：18964996005
0 收货人手机号：18964996005
0 收货人手机号：18964996005
0 收货人手机号：18616627372
0 收货人手机号：13022165706
0 收货人手机号：18616627372
0 收货人手机号：18964996005
0 收货人手机号：18964996005
0 收货人手机号：18964996005
0 收货人手机号：18964996005
0 收货人手机号：18964996005
0 收货人手机号：18916781281
0 收货人手机号：13611914728
0 收货人手机号：15601616655
0 收货人手机号：65212998
0 收货人手机号：13701918495
0 收货人手机号：13916357002
0 收货人手机号：13901692715
0 收货人手机号：13621679978
0 收货人手机号：18964996005
0 收货人手机号：18964996005
0 收货人手机号：18616392509
0 收货人手机号：13611914728
0 收货人手机号：18918507153
0 收货人手机号：13641610331
0 收货人手机号：13818257267
0 收货人手机号：13818732948
0 收货人手机号：13651912393
0 收货人手机号：13901696540
0 收货人手机号：13611719363
0 收货人手机号：13636332802
0 收货人手机号：18616627372
0 收货人手机号：18964996005
0 收货人手机号：18616627372
0 收货人手机号：18964996005
0 收货人手机号：18964996005
0 收货人手机号：18964996005
0 收货人手机号：18616627372
0 收货人手机号：18616627372
0 收货人手机号：13636332802
0 收货人手机号：13611719363
0 收货人手机号：13901696540
0 收货人手机号：13818257267
0 收货人手机号：13818732948
0 收货人手机号：13641610331
0 收货人手机号：18918507153
0 收货人手机号：13611914728
0 收货人手机号：18616392509
